<?xml version="1.0" encoding="UTF-8"?>
<!-- Generated by org.testng.reporters.JUnitXMLReporter -->
<testsuite ignored="0" hostname="Sudhakar" failures="0" tests="4" name="Default test" time="8.249" errors="0" timestamp="2026-05-15T17:38:39 IST">
  <testcase classname="TestNG_Practice.DependsOnMethods" name="launchAmazon" time="0.643"/>
  <testcase classname="TestNG_Practice.DependsOnMethods" name="search" time="1.887"/>
  <testcase classname="TestNG_Practice.DependsOnMethods" name="addToCart" time="1.871"/>
  <testcase classname="TestNG_Practice.DependsOnMethods" name="cartPage" time="1.556"/>
</testsuite> <!-- Default test -->
