<?xml version="1.0" encoding="UTF-8"?>
<!-- Generated by org.testng.reporters.JUnitXMLReporter -->
<testsuite ignored="0" hostname="Sudhakar" failures="0" tests="5" name="Default test" time="27.637" errors="0" timestamp="2026-05-15T20:59:18 IST">
  <testcase classname="TestNG_Practice.DependsOnMethods" name="launchAmazon" time="0.959"/>
  <testcase classname="TestNG_Practice.DependsOnMethods" name="search" time="4.117"/>
  <testcase classname="TestNG_Practice.DependsOnMethods" name="search" time="1.92"/>
  <testcase classname="TestNG_Practice.DependsOnMethods" name="addToCart" time="0.422"/>
  <testcase classname="TestNG_Practice.DependsOnMethods" name="cartPage" time="1.977"/>
</testsuite> <!-- Default test -->
