<?xml version="1.0" encoding="UTF-8"?>
<!-- Generated by org.testng.reporters.JUnitXMLReporter -->
<testsuite ignored="2" hostname="Sudhakar" failures="0" tests="2" name="Test" time="0.066" errors="0" timestamp="2026-05-13T17:44:09 IST">
  <testcase classname="TestNG_Practice.Groups" name="test1" time="0.011"/>
  <testcase classname="TestNG_Practice.Groups" name="test3" time="0.001"/>
  <testcase classname="TestNG_Practice.Groups" name="test2" time="0.0">
    <ignored/>
  </testcase> <!-- test2 -->
  <testcase classname="TestNG_Practice.Groups" name="test4" time="0.0">
    <ignored/>
  </testcase> <!-- test4 -->
</testsuite> <!-- Test -->
