<?xml version="1.0" encoding="UTF-8"?>
<!-- Generated by org.testng.reporters.JUnitXMLReporter -->
<testsuite ignored="0" hostname="Sudhakar" failures="0" tests="6" name="AmazonTest" time="17.166" errors="0" timestamp="2026-05-13T17:57:47 IST">
  <testcase classname="TestNG_Practice.Data_Provider" name="test" time="1.395"/>
  <testcase classname="TestNG_Practice.Data_Provider" name="test1" time="1.068"/>
  <testcase classname="TestNG_Practice.Data_Provider" name="test1" time="3.084"/>
  <testcase classname="TestNG_Practice.Data_Provider" name="test1" time="4.185"/>
  <testcase classname="TestNG_Practice.Data_Parameterization" name="SearchTest" time="8.023"/>
  <testcase classname="TestNG_Practice.Data_Parameterization" name="SearchTest" time="4.244"/>
</testsuite> <!-- AmazonTest -->
