<?xml version="1.0" encoding="UTF-8"?>
<!-- Generated by org.testng.reporters.JUnitXMLReporter -->
<testsuite ignored="0" hostname="Sudhakar" failures="0" tests="4" name="Test" time="5.476" errors="0" timestamp="2026-05-13T17:54:30 IST">
  <testcase classname="TestNG_Practice.Data_Provider" name="test" time="2.019"/>
  <testcase classname="TestNG_Practice.Data_Provider" name="test1" time="1.28"/>
  <testcase classname="TestNG_Practice.Data_Provider" name="test1" time="1.146"/>
  <testcase classname="TestNG_Practice.Data_Provider" name="test1" time="0.931"/>
</testsuite> <!-- Test -->
