<?xml version="1.0" encoding="UTF-8"?>
<!-- Generated by org.testng.reporters.JUnitXMLReporter -->
<testsuite ignored="0" hostname="Sudhakar" failures="0" tests="5" name="ThreadLocalTest" time="23.881" errors="0" timestamp="2026-06-04T10:41:09 IST">
  <testcase classname="TestNG_Practice.DependsOnMethods" name="launchAmazon" time="1.93"/>
  <testcase classname="TestNG_Practice.DependsOnMethods" name="search" time="8.288"/>
  <testcase classname="TestNG_Practice.DependsOnMethods" name="search" time="5.08"/>
  <testcase classname="TestNG_Practice.DependsOnMethods" name="addToCart" time="0.754"/>
  <testcase classname="TestNG_Practice.DependsOnMethods" name="cartPage" time="2.877"/>
</testsuite> <!-- ThreadLocalTest -->
