<?xml version="1.0" encoding="UTF-8"?>
<!-- Generated by org.testng.reporters.JUnitXMLReporter -->
<testsuite ignored="0" hostname="Sudhakar" failures="0" tests="5" name="ThreadLocalTest" time="9.18" errors="0" timestamp="2026-06-03T17:45:26 IST">
  <testcase classname="TestNG_Practice.DependsOnMethods" name="launchAmazon" time="0.384"/>
  <testcase classname="TestNG_Practice.DependsOnMethods" name="search" time="3.532"/>
  <testcase classname="TestNG_Practice.DependsOnMethods" name="search" time="1.687"/>
  <testcase classname="TestNG_Practice.DependsOnMethods" name="addToCart" time="0.201"/>
  <testcase classname="TestNG_Practice.DependsOnMethods" name="cartPage" time="1.525"/>
</testsuite> <!-- ThreadLocalTest -->
