<?xml version="1.0" encoding="UTF-8"?>
<testng-results ignored="0" total="4" passed="4" failed="0" skipped="0">
  <reporter-output>
  </reporter-output>
  <suite started-at="2026-05-15T16:09:43 IST" name="Default suite" finished-at="2026-05-15T16:09:54 IST" duration-ms="10981">
    <groups>
    </groups>
    <test started-at="2026-05-15T16:09:43 IST" name="Default test" finished-at="2026-05-15T16:09:54 IST" duration-ms="10981">
      <class name="TestNG_Practice.DependsOnMethods">
        <test-method is-config="true" signature="setUp()[pri:0, instance:TestNG_Practice.DependsOnMethods@10683d9d]" started-at="2026-05-15T16:09:43 IST" name="setUp" finished-at="2026-05-15T16:09:46 IST" duration-ms="2237" status="PASS">
          <reporter-output>
          </reporter-output>
        </test-method> <!-- setUp -->
        <test-method signature="launchAmazon()[pri:0, instance:TestNG_Practice.DependsOnMethods@10683d9d]" started-at="2026-05-15T16:09:46 IST" name="launchAmazon" finished-at="2026-05-15T16:09:47 IST" duration-ms="1413" status="PASS">
          <reporter-output>
          </reporter-output>
        </test-method> <!-- launchAmazon -->
        <test-method signature="search(java.lang.String)[pri:0, instance:TestNG_Practice.DependsOnMethods@10683d9d]" started-at="2026-05-15T16:09:47 IST" name="search" data-provider="searchData" finished-at="2026-05-15T16:09:52 IST" depends-on-methods="TestNG_Practice.DependsOnMethods.launchAmazon" duration-ms="4876" status="PASS">
          <params>
            <param index="0">
              <value>
                <![CDATA[apple macbook air m13]]>
              </value>
            </param>
          </params>
          <reporter-output>
          </reporter-output>
        </test-method> <!-- search -->
        <test-method signature="addToCart()[pri:0, instance:TestNG_Practice.DependsOnMethods@10683d9d]" started-at="2026-05-15T16:09:52 IST" name="addToCart" finished-at="2026-05-15T16:09:53 IST" depends-on-methods="TestNG_Practice.DependsOnMethods.search" duration-ms="433" status="PASS">
          <reporter-output>
          </reporter-output>
        </test-method> <!-- addToCart -->
        <test-method signature="cartPage()[pri:0, instance:TestNG_Practice.DependsOnMethods@10683d9d]" started-at="2026-05-15T16:09:53 IST" name="cartPage" finished-at="2026-05-15T16:09:54 IST" depends-on-methods="TestNG_Practice.DependsOnMethods.addToCart" duration-ms="1483" status="PASS">
          <reporter-output>
          </reporter-output>
        </test-method> <!-- cartPage -->
        <test-method is-config="true" signature="tearDown()[pri:0, instance:TestNG_Practice.DependsOnMethods@10683d9d]" started-at="2026-05-15T16:09:54 IST" name="tearDown" finished-at="2026-05-15T16:09:54 IST" duration-ms="386" status="PASS">
          <reporter-output>
          </reporter-output>
        </test-method> <!-- tearDown -->
      </class> <!-- TestNG_Practice.DependsOnMethods -->
    </test> <!-- Default test -->
  </suite> <!-- Default suite -->
</testng-results>
