<?xml version="1.0" encoding="UTF-8"?>
<testng-results ignored="0" total="5" passed="5" failed="0" skipped="0">
  <reporter-output>
  </reporter-output>
  <suite started-at="2026-05-15T18:39:41 IST" name="ParallelSuite" finished-at="2026-05-15T18:39:53 IST" duration-ms="11211">
    <groups>
    </groups>
    <test started-at="2026-05-15T18:39:41 IST" name="ThreadLocalTest" finished-at="2026-05-15T18:39:53 IST" duration-ms="11211">
      <class name="TestNG_Practice.DependsOnMethods">
        <test-method is-config="true" signature="setUp()[pri:0, instance:TestNG_Practice.DependsOnMethods@6989da5e]" started-at="2026-05-15T18:39:42 IST" name="setUp" finished-at="2026-05-15T18:39:44 IST" duration-ms="2066" status="PASS">
          <reporter-output>
          </reporter-output>
        </test-method> <!-- setUp -->
        <test-method signature="launchAmazon()[pri:0, instance:TestNG_Practice.DependsOnMethods@6989da5e]" started-at="2026-05-15T18:39:44 IST" name="launchAmazon" finished-at="2026-05-15T18:39:44 IST" duration-ms="640" status="PASS">
          <reporter-output>
          </reporter-output>
        </test-method> <!-- launchAmazon -->
        <test-method signature="search(java.lang.String)[pri:0, instance:TestNG_Practice.DependsOnMethods@6989da5e]" started-at="2026-05-15T18:39:44 IST" name="search" data-provider="searchData" finished-at="2026-05-15T18:39:48 IST" depends-on-methods="TestNG_Practice.DependsOnMethods.launchAmazon" duration-ms="3999" status="PASS">
          <params>
            <param index="0">
              <value>
                <![CDATA[apple macbook air m13]]>
              </value>
            </param>
          </params>
          <reporter-output>
          </reporter-output>
        </test-method> <!-- search -->
        <test-method signature="search(java.lang.String)[pri:0, instance:TestNG_Practice.DependsOnMethods@6989da5e]" started-at="2026-05-15T18:39:48 IST" name="search" data-provider="searchData" finished-at="2026-05-15T18:39:50 IST" depends-on-methods="TestNG_Practice.DependsOnMethods.launchAmazon" duration-ms="2201" status="PASS">
          <params>
            <param index="0">
              <value>
                <![CDATA[samsung galaxy s21]]>
              </value>
            </param>
          </params>
          <reporter-output>
          </reporter-output>
        </test-method> <!-- search -->
        <test-method signature="addToCart()[pri:0, instance:TestNG_Practice.DependsOnMethods@6989da5e]" started-at="2026-05-15T18:39:50 IST" name="addToCart" finished-at="2026-05-15T18:39:51 IST" depends-on-methods="TestNG_Practice.DependsOnMethods.search" duration-ms="375" status="PASS">
          <reporter-output>
          </reporter-output>
        </test-method> <!-- addToCart -->
        <test-method signature="cartPage()[pri:0, instance:TestNG_Practice.DependsOnMethods@6989da5e]" started-at="2026-05-15T18:39:51 IST" name="cartPage" finished-at="2026-05-15T18:39:52 IST" depends-on-methods="TestNG_Practice.DependsOnMethods.addToCart" duration-ms="1635" status="PASS">
          <reporter-output>
          </reporter-output>
        </test-method> <!-- cartPage -->
        <test-method is-config="true" signature="tearDown()[pri:0, instance:TestNG_Practice.DependsOnMethods@6989da5e]" started-at="2026-05-15T18:39:52 IST" name="tearDown" finished-at="2026-05-15T18:39:53 IST" duration-ms="233" status="PASS">
          <reporter-output>
          </reporter-output>
        </test-method> <!-- tearDown -->
      </class> <!-- TestNG_Practice.DependsOnMethods -->
    </test> <!-- ThreadLocalTest -->
  </suite> <!-- ParallelSuite -->
</testng-results>
