<?xml version="1.0" encoding="UTF-8"?>
<!-- Generated by org.testng.reporters.JUnitReportReporter -->
<testsuite hostname="Sudhakar" failures="0" tests="2" name="TestNG_Practice.Data_Parameterization" time="12.267" errors="0" timestamp="2026-05-13T17:57:48 IST" skipped="0">
  <testcase classname="TestNG_Practice.Data_Parameterization" name="SearchTest" time="8.023"/>
  <testcase classname="TestNG_Practice.Data_Parameterization" name="SearchTest" time="4.244"/>
</testsuite> <!-- TestNG_Practice.Data_Parameterization -->
