<?xml version="1.0" encoding="UTF-8"?>
<!-- Generated by org.testng.reporters.JUnitReportReporter -->
<testsuite hostname="Sudhakar" failures="0" tests="4" name="TestNG_Practice.DependsOnMethods" time="5.957" errors="0" timestamp="2026-05-15T17:38:40 IST" skipped="0">
  <testcase classname="TestNG_Practice.DependsOnMethods" name="cartPage" time="1.556"/>
  <testcase classname="TestNG_Practice.DependsOnMethods" name="launchAmazon" time="0.643"/>
  <testcase classname="TestNG_Practice.DependsOnMethods" name="search" time="1.887"/>
  <testcase classname="TestNG_Practice.DependsOnMethods" name="addToCart" time="1.871"/>
</testsuite> <!-- TestNG_Practice.DependsOnMethods -->
