<?xml version="1.0" encoding="UTF-8"?>
<!-- Generated by org.testng.reporters.JUnitReportReporter -->
<testsuite hostname="Sudhakar" failures="0" tests="4" name="TestNG_Practice.Data_Provider" time="9.732" errors="0" timestamp="2026-05-13T17:57:48 IST" skipped="0">
  <testcase classname="TestNG_Practice.Data_Provider" name="test1" time="3.084"/>
  <testcase classname="TestNG_Practice.Data_Provider" name="test" time="1.395"/>
  <testcase classname="TestNG_Practice.Data_Provider" name="test1" time="4.185"/>
  <testcase classname="TestNG_Practice.Data_Provider" name="test1" time="1.068"/>
</testsuite> <!-- TestNG_Practice.Data_Provider -->
