<?xml version="1.0" encoding="UTF-8"?>
<!-- Generated by org.testng.reporters.JUnitReportReporter -->
<testsuite hostname="Sudhakar" failures="0" tests="7" name="TestNG_Practice.Groups" time="0.032" errors="0" timestamp="2026-05-23T18:40:11 IST" skipped="0">
  <testcase classname="TestNG_Practice.Groups" name="test3" time="0.004"/>
  <testcase classname="TestNG_Practice.Groups" name="test5" time="0.003"/>
  <testcase classname="TestNG_Practice.Groups" name="test5" time="0.003"/>
  <testcase classname="TestNG_Practice.Groups" name="test2" time="0.002"/>
  <testcase classname="TestNG_Practice.Groups" name="test4" time="0.004"/>
  <testcase classname="TestNG_Practice.Groups" name="test5" time="0.003"/>
  <testcase classname="TestNG_Practice.Groups" name="test1" time="0.013"/>
</testsuite> <!-- TestNG_Practice.Groups -->
