<?xml version="1.0" encoding="UTF-8"?>
<!-- Generated by org.testng.reporters.JUnitReportReporter -->
<testsuite hostname="Sudhakar" failures="0" tests="5" name="TestNG_Practice.DependsOnMethods" time="9.732" errors="0" timestamp="2026-05-15T18:51:25 IST" skipped="0">
  <testcase classname="TestNG_Practice.DependsOnMethods" name="launchAmazon" time="1.436"/>
  <testcase classname="TestNG_Practice.DependsOnMethods" name="search" time="3.996"/>
  <testcase classname="TestNG_Practice.DependsOnMethods" name="addToCart" time="0.286"/>
  <testcase classname="TestNG_Practice.DependsOnMethods" name="cartPage" time="1.976"/>
  <testcase classname="TestNG_Practice.DependsOnMethods" name="search" time="2.038"/>
</testsuite> <!-- TestNG_Practice.DependsOnMethods -->
